<?xml version="1.0" encoding="UTF-8"?>
<!-- Generated by org.testng.reporters.JUnitReportReporter -->
<testsuite skipped="0" hostname="LP-PC0TA374" name="com.jenkinsmavenTest.Dev1Test" tests="1" failures="0" timestamp="29 Sep 2019 18:06:39 GMT" time="0.014" errors="0">
  <testcase name="test" time="0.014" classname="com.jenkinsmavenTest.Dev1Test"/>
</testsuite> <!-- com.jenkinsmavenTest.Dev1Test -->
